  stdafx.cpp
  powerup.cpp
c:\users\airma\onedrive\documents\visual studio 2015\projects\systems project\game\base.h(2): warning C4067: unexpected tokens following preprocessor directive - expected a newline
  play_game.cpp
c:\users\airma\onedrive\documents\visual studio 2015\projects\systems project\game\base.h(2): warning C4067: unexpected tokens following preprocessor directive - expected a newline
c:\users\airma\onedrive\documents\visual studio 2015\projects\systems project\game\play_game.cpp(145): warning C4018: '<': signed/unsigned mismatch
c:\users\airma\onedrive\documents\visual studio 2015\projects\systems project\game\play_game.cpp(150): warning C4018: '<': signed/unsigned mismatch
c:\users\airma\onedrive\documents\visual studio 2015\projects\systems project\game\play_game.cpp(154): warning C4018: '<': signed/unsigned mismatch
c:\users\airma\onedrive\documents\visual studio 2015\projects\systems project\game\play_game.cpp(159): warning C4018: '<': signed/unsigned mismatch
c:\users\airma\onedrive\documents\visual studio 2015\projects\systems project\game\play_game.cpp(161): warning C4018: '<': signed/unsigned mismatch
c:\users\airma\onedrive\documents\visual studio 2015\projects\systems project\game\play_game.cpp(178): warning C4018: '<': signed/unsigned mismatch
c:\users\airma\onedrive\documents\visual studio 2015\projects\systems project\game\play_game.cpp(183): warning C4018: '<': signed/unsigned mismatch
c:\users\airma\onedrive\documents\visual studio 2015\projects\systems project\game\play_game.cpp(185): warning C4018: '<': signed/unsigned mismatch
c:\users\airma\onedrive\documents\visual studio 2015\projects\systems project\game\play_game.cpp(214): warning C4018: '<': signed/unsigned mismatch
c:\users\airma\onedrive\documents\visual studio 2015\projects\systems project\game\play_game.cpp(216): warning C4018: '<': signed/unsigned mismatch
c:\users\airma\onedrive\documents\visual studio 2015\projects\systems project\game\play_game.cpp(255): warning C4101: 'RealFile': unreferenced local variable
c:\users\airma\onedrive\documents\visual studio 2015\projects\systems project\game\play_game.cpp(341): warning C4244: 'initializing': conversion from 'std::streamoff' to 'int', possible loss of data
  player.cpp
c:\users\airma\onedrive\documents\visual studio 2015\projects\systems project\game\base.h(2): warning C4067: unexpected tokens following preprocessor directive - expected a newline
  game.cpp
c:\users\airma\onedrive\documents\visual studio 2015\projects\systems project\game\game.cpp(5): warning C4067: unexpected tokens following preprocessor directive - expected a newline
  Enemy.cpp
c:\users\airma\onedrive\documents\visual studio 2015\projects\systems project\game\base.h(2): warning C4067: unexpected tokens following preprocessor directive - expected a newline
  Console.cpp
c:\users\airma\onedrive\documents\visual studio 2015\projects\systems project\game\console.cpp(72): warning C4838: conversion from 'int' to 'SHORT' requires a narrowing conversion
c:\users\airma\onedrive\documents\visual studio 2015\projects\systems project\game\console.cpp(78): warning C4838: conversion from 'int' to 'SHORT' requires a narrowing conversion
c:\users\airma\onedrive\documents\visual studio 2015\projects\systems project\game\console.cpp(133): warning C4838: conversion from 'int' to 'SHORT' requires a narrowing conversion
  Base.cpp
c:\users\airma\onedrive\documents\visual studio 2015\projects\systems project\game\base.h(2): warning C4067: unexpected tokens following preprocessor directive - expected a newline
  Generating Code...
  game.vcxproj -> C:\Users\airma\OneDrive\Documents\Visual Studio 2015\Projects\systems project\Debug\game.exe
  game.vcxproj -> C:\Users\airma\OneDrive\Documents\Visual Studio 2015\Projects\systems project\Debug\game.pdb (Full PDB)
